1298190799
-841289434
522598442
0
312679906
1392983382
1607780592
1607780592
1482254931
-841289434
1022092450
-116030973
542490585
1607780592
1
-1
-1723811565
1607780592
1141242722
-116030973
1
1607780592
1292243252
353925543
1775759535
1607780592
-1153300034
-778740461
1366365816
759372146
-1720552620
-841289434
124392674
1607780592
759372146
-1927814558
789800188
196070040
-579312487
616503623
1231689036
-841289434
13993361
2008545503
-116030973
1
715820884
-1008879117
-1261126541
13
0
-2075108200
913527149
-1771761496
1607780592
1838063439
616503623
759372146
302931304
1022487001
54515333
678150985
368174400
1607780592
-374627680
1978414023
395580145
1482585431
1428171062
1579866560
767762851
1994078523
489686926
528166230
432054891
-1088082094
904868499
1457364943
241846626
1081235796
1184400189
1477514336
2007637543
-694753296
428430957
