1273441624
1764438827
0
1499361164
1449702712
1144735641
1764438827
620014345
1006229810
952541468
1151227682
-1555134164
975394305
1623330755
1764438827
-1627401603
975394305
859740241
1764438827
1630984428
503368119
1764438827
-766089642
-452473742
397607847
286110154
904569760
882215858
-1774253274
-207074215
0
1758717135
975394305
-1163697489
2054658000
899805887
1642520729
0
1163697489
689115145
0
975394305
1129978962
1179087615
1612860135
1096788044
619899389
1758717135
468895360
289936422
774872437
425045981
49995610
-287313616
610142422
689115145
2025552207
1954951855
2075988353
1808613977
1163697489
1764438827
1637679101
1681367180
774872437
72017278
1722844832
65459636
0
975394305
1681367180
