1050112844
1466514048
-1803771431
0
-612030312
1147756477
1233866153
-3
-1050859140
952018357
952018357
-798020453
1473133393
455104035
937641147
3
2104287947
585812232
1520765811
2104287947
759081039
3
-566251208
1757024986
0
1233866151
1233866153
3
333480989
1647512825
188774776
2
791260567
2
1839306057
555444127
145670183
3
269092249
700759355
406786367
-1
3
1759623971
3
1255593773
788818968
1792094268
-612030312
-1636392772
1108913713
410105754
1890842716
0
2098069105
-2
1075549293
-1075549293
493925663
1890842716
1181087588
1956581120
1749269018
219006239
1275679028
394001579
673403190
243602261
0
2015954564
333480989
-566251208
1742336542
-1031836240
1792915062
0
697160864
-2081886009
1808782141
1737685341
1890842716
675320941
1979412599
63572994
1455299064
1667323657
1564471533
-590527650
2143504066
-566251208
1278812404
1233866153
841702876
-246609464
1946206312
1331220316
1270454418
0
1890842716
0
1573967099
79750861
-1302266280
164627969
400032627
1455771699
-182745421
