-618491856
840064822
-142273417
-618491856
-618491856
-618491856
-618491856
788853159
1651169419
1652237947
1952617339
642918486
1585113447
-618491856
-1107949312
-1383184596
1476600909
-1383184596
-618491856
-618491856
2019824317
-618491856
0
1512761841
1748965849
2049507047
846539909
-1081676192
0
1360447193
-618491856
2047893556
577454632
-29980596
659345058
-618491856
0
-1061783456
-618491856
-618491856
1850155600
961491055
1019910195
935888660
922424803
1579961738
-618491856
453857968
618491857
-996872068
969433818
1972527431
1831075467
515586710
935888660
-898433960
-1383184596
0
-1554380516
-1353498614
935888660
1972527431
0
-354675318
483766324
262851654
-969514633
1285217948
0
387586297
1151499554
1285217948
191261885
1972527431
1167901589
1531383018
1
0
832585545
-930730729
-1724969363
3878676
0
935888660
-1479850379
-1545586706
935888660
-35156256
0
630435182
-1383184596
