2103446806
0
1419387355
1022385422
14958040
2128438554
961367952
1072202341
1211121787
1323783663
972146383
628256440
-9748404
1323783663
2095101320
-1254747778
557786641
1323783663
1323783663
840567158
1090214169
1685120375
297033361
609126101
-1382401906
2131467984
202154746
1222395084
58573997
-662682196
-1500069583
889157805
988155914
2117534218
35037019
2124655698
-1133545984
1679331934
-1500069583
1099058784
2095101320
1369938644
304714706
2122439724
2061384010
1323783663
2095101320
1694830404
1975365095
1
2131467984
-1121845944
-1099058784
956668686
2131467984
-32
1238122145
-31201296
1656420384
1518460268
1187793034
-1099058784
1207171725
1323783663
283790628
347881534
1213224612
0
-702897729
0
1515611897
137469376
-1099058784
2131467984
906846355
-1099058784
