1647786680
968131637
129712513
1
-390545726
1853070980
1941926909
1941926909
614501067
689942983
1
1059645001
164805638
164805638
1401122564
-1552798512
1
164805638
164805638
164805638
1433664589
1118082226
224074376
1475461067
1502136880
-1780891536
976132258
1780891536
0
517814014
1315169692
2112260887
2115342265
161465237
924231854
1035185160
762018085
2074320148
1941926909
1431313468
1780891536
0
1780891536
592748626
1780891536
1832966998
1595448152
1941926909
271390352
1859772070
-1620501506
1019467347
1933204512
704220927
1780891536
1944843509
1390303336
-1
1955514698
0
-2
0
603726541
0
0
164805638
1346009857
1780891536
1254964252
0
1780891536
622706818
