-704350657
1251709918
2039265863
1269982930
478092683
0
-180965713
388565502
1276226194
-1665978530
41351989
732314890
1276226194
909955662
330085089
117510115
156399364
1889662238
-408873584
117510115
440080900
1
1081636187
1
1
2068489541
1221085807
502075392
89790907
1
1942170207
1164481993
1000978482
-861018256
1250662265
1462919262
181589361
-1348127707
1
1
1
1593384115
2068489541
1276226194
1090232031
141691499
-1758073337
1840710359
2068489541
693999843
1526567174
1090232031
-1555181229
624610678
1628474311
181589361
117510115
1726820493
667166030
1152485337
-1413659568
1
1085657533
1086878629
2068489541
2068489541
986623487
581596524
2068489541
2
-1162486533
597297110
537422532
651920988
1252286650
1250662265
1238262601
2068489541
1090232031
-868893428
330337522
-205556837
823818488
1090232031
173962228
1086878629
672384709
1
1
6
2068489541
0
1152485338
1090232031
443170000
1415938981
-434295039
66
3
1090232031
1098108736
-202146250
584244776
1794487407
772198904
1
2100529240
471482641
1586977744
2145119622
1542513822
2068489541
-854767136
1090232031
2079963714
1495639580
