-755307345
1092948446
1
1691310080
397473945
1585412556
1908017144
603207880
1524457917
156722708
1810826126
1475794404
695344748
-863977588
1248917622
557123942
-215980941
-881369170
1766681643
-227667675
863977589
1489235095
-158910686
347978823
-1
955849191
1839465067
491020881
1288242113
0
1062758849
1014467394
863977589
0
1810826126
1493330006
1810826126
1317468455
1400760399
1636315812
1485807176
1
695344748
1531982975
761326928
1619776121
835317615
471207739
-1790173238
1400760399
-468703701
-1720437268
695344748
-1788281056
947390888
975993982
-4
2
1810826126
419744492
1756346980
279793128
-110309679
1972128296
0
0
1503705319
1248282717
25253506
1400760399
-468703701
1072286324
20652888
1368268962
2100656201
