180802716
-2
690510273
-1
1940932852
728597678
195894031
1150913785
-462463726
1780857925
0
0
210555625
-2113231996
0
1095460989
743257844
1095460989
-609771263
2132520326
-1490469615
481201457
1095460989
195894031
1576466665
-1490469615
1095460989
936734328
1286179944
1727679290
1095460989
-1095460989
-1490469615
860165270
195894031
1702031990
0
1095460989
1095460989
405925698
6345376
1008715821
541468377
1762783946
509574728
587131304
387313515
927495980
-1114099913
1095460989
-2104045318
1122811097
1095460989
474151706
1185021449
195894031
-1882060068
1095460989
1898974210
-2104045318
1491239478
297246797
-129637293
1633611437
1158161613
607037078
1244467373
-2139581458
1291355020
1675858519
1715387195
388762690
1592672444
-703931308
1834156300
523255312
1739798059
1499747709
4
1535336753
1095460989
