710192784
263303453
194337717
-506580898
1963693178
1773200416
224348470
224348470
-548730420
569860751
-503169437
0
-1391323785
1985667157
1859132244
891764310
252695468
-1910539271
95538914
1039529318
1764894320
514212687
8199729
306460222
826650395
1663838129
0
345495131
791789282
514212687
224348470
1916507154
1575710113
210184854
2114505329
1805403829
2075559875
1975681744
861303265
751716987
11974320
569860751
-945710895
94124746
-179681571
536470196
0
1
0
4
0
1372885665
436005017
1407575038
1755014520
565058382
219089840
-1328801012
514212687
690175388
1492948463
1345500305
62186323
-1
1455427500
938662702
-554176218
569860751
830241484
345495131
345495131
-65108591
658609406
1819993070
1339658245
925919498
939911820
1263274992
542301361
237767379
569860751
828271646
695616097
2120858459
847700003
-1865768768
1519432034
1078703653
713636557
1536700370
282947764
1200922981
-1750245433
1373017640
345495131
-526801409
