1207409552
503084239
425849970
1149994339
-877478192
503084239
503084239
676515261
503084239
4
503084239
985342604
-186427978
503084239
79215607
1423312840
391134711
2102586308
-1444172185
1686479802
503084239
-1915275829
144582801
1
362663649
283199392
387773399
1997196951
572922115
1845870468
0
2099617404
630921960
1406233961
1913593484
1550516660
1606528017
585792065
392721047
-1863286854
-1803077674
-1801563712
974330028
37531865
565441682
503084239
1310649623
843403801
410191934
1845705326
1988805383
446823540
828071120
377815927
1692292831
924323203
0
924751284
503084239
1988805383
1426583934
-1
1094164377
277007588
-1
1375353106
848265546
-1035139694
62391473
503084239
1303474850
-1196567355
1750103803
151239350
-1
241163440
-393332762
312498010
1071447396
179641991
236378847
-393332763
503084239
1071447396
1799795633
0
-393332762
0
1
827393166
1108602669
746461687
476959532
-1813171176
503084239
421667045
1262528710
