677198424
1724122756
1
-1393713189
1607950482
1
1555466172
1
1
1
1
572584564
713423638
431038247
1555466173
501180065
2
-713423637
116019777
1
391443462
1440241340
1
1561930847
1366542784
-1504810250
-741856004
397227667
1505204057
1415322826
1977134647
1
10026307
1484896387
116019777
1491642038
2
-60
1717912339
1977134647
1484896387
1
1555466173
234740436
1431675911
992899043
0
2143134266
1941105997
1555466173
1415322826
1555466173
974050059
1484896387
797224883
1300377437
992899043
201820181
515955772
695732831
992899043
1853747475
2111845404
31452915
1628937589
713423638
