-704188065
1591332364
-220430558
811355672
1060031158
1926207740
811355672
758197431
811355672
680099118
786858191
-1236193625
786858191
786858191
612635453
632686042
786858191
1125974313
-1470026998
-172131237
1586511037
-1644226880
466961230
-101320077
0
2053787260
-712163312
-70102142
632686042
0
520164730
1281432327
1316378351
623677842
-70102142
1760411241
174842032
1777561283
786858191
174842032
1527267318
2147244601
1856671870
977163527
136777406
-428665204
484370395
632686042
1784505595
632686042
1093370563
632686042
463673554
174842032
0
926366202
-497659836
-1630749906
786858191
786858191
726172492
-331793195
0
315384141
0
1
1728961946
8
632686042
174842032
1253477681
173044500
760338048
-1778038095
-70102142
1775572591
