328334234
250
-1571789719
928541704
1740953747
287586505
-1571789719
-1571789719
-352451648
0
1255861803
1740953747
1740953747
1663337352
924161091
207741732
268506287
360896041
1343634480
1927006912
1885903195
1347581692
366100462
1658465954
1750638704
234485087
2066812973
524198500
1765444500
1489856880
1987689596
1927006912
1383079255
831645805
-1
1817627380
1326466457
1489856880
-1593240455
91537751
1765444500
1
845230621
104336651
1927006912
4
871053541
1
1678973565
1
-1338033509
1338033508
506132304
-3
-1847948566
1765444500
1338033508
882853817
62197063
1489856880
924161091
1055337054
1431274765
429841932
287087743
1847824383
-718571264
1765444500
269421279
1740953747
1740953747
503226313
1740953747
0
1642633687
1621797219
-1066398878
384718681
6
-1277319437
20466170
-1
0
904369508
56045898
857234220
-448715565
2
0
690249294
1757857776
264557222
924161091
1087485491
665183445
400506692
-1249134062
-1225333684
265894318
1740953747
1927006912
1765444500
163443150
113816048
1480285150
1
1982483711
1783804918
3947212
1493300554
1290839924
109514813
506132304
1208337495
0
2138877867
-267182984
12306257
2057768796
1851771595
1779155586
575795573
883719527
743164869
0
1765444500
1087485491
0
1087485491
109514813
1222282279
1847824383
1608926350
2054318691
998593138
1087485491
109514813
1927006912
348595105
-718571264
584795032
2076947584
265894318
264557222
-10975984
90764369
1004170789
-70133210
145816563
65689652
-1032654640
-2036825429
1222282279
1927006912
-1090008616
-920453866
1620744564
422651963
1275233797
574215929
1728593490
0
1631954149
3947212
999484037
883719527
2048661285
927778136
208753387
133107602
1765444500
1327572985
904710899
