265170467
976205337
97795270
803201792
1893679890
1821846903
816089176
87341648
-1913584560
816089176
0
124407254
1460048919
1597278328
816089176
579431230
-795823402
786444462
629469318
1716694924
-765244451
2086683984
816089176
3
816089176
1800418013
-2091920876
816089176
662929926
1199336730
448266457
468558958
-1
866933901
840961999
-2071967252
1173033626
-492306358
866933901
601243658
782262911
-1777444713
2
782262910
-167047692
1
816089176
1647924113
816089176
1963003155
0
1348108942
260897266
513956227
866933901
589915271
131695552
2049122232
866933901
1513141230
816359137
-332756712
904422473
795254627
2049071993
1144752315
1868642442
866933901
347530217
1922888604
1140701764
-905212630
1401773876
-398046735
866933901
133137056
840329035
1579636000
1211213344
629218539
400932078
1647924113
347530218
767394064
223954270
-981961092
2008570283
782262911
601899196
410179824
1591436037
-1413655232
1626518283
1378203363
912269844
1194510954
130269588
180449039
-821494604
816089176
13596468
1868642442
-1725938304
124248548
-2
-290709442
1733867802
801141402
-398046735
-772038974
1868642442
1108071156
1183666073
1275937328
347530218
347530218
1756295246
1542313962
133137056
1969372551
347530218
1642084201
1956473321
2
-398046735
301880966
1188573216
1624629216
589915271
-1042455107
1008230843
0
949056665
866933901
1705804539
