1621573274
2079731775
1243969880
681321508
681321508
1076424470
1485087601
1362643018
681321508
2
681321508
681321508
1398564250
720631176
211557199
0
681321508
2
521263483
-1372624236
2
1733009009
1923747584
543182328
276074259
1813907229
0
796341215
2033476851
1840703120
95778878
70018040
1469232301
-4
0
-1916324786
2
2
0
1909164452
2
2
2
267375212
155819330
1923747586
1522865654
2
1906534773
6
2076687944
1048449727
-1
681321508
1916324787
1633065335
897106005
913254735
-694136047
2
-1737559617
1345196089
1461707130
2
1526935063
126373588
1916324787
2
0
2
174335836
-1198629687
1916324787
-1228483324
395456648
934408578
-54532374
2
-1145190415
511451092
-1445775224
925905518
543427864
1513234287
1712247347
1446989738
1387554646
499305549
1336428399
2
2107320494
1292516143
0
1923747584
77909665
1923747584
95778878
670748578
1927983001
1857358161
-1233150808
85473245
577270049
77909665
1927983001
1858134234
1864463978
681321508
-200118312
330411091
1369188669
670748578
-2
562860868
1927983001
811101026
-1331040068
1923747584
1369188669
-694136047
-1278161415
961857128
769651762
315538080
912581918
-285529544
-694136047
2
0
1874685818
1562720193
363282401
757820657
-694136047
1159235075
-1460483472
1540096957
1496402074
1193777218
1668766018
0
1668169006
1276067991
2029351605
2090173246
0
95778878
1369188669
1240538045
1369188669
784802187
1645236704
2045913192
1336032814
1763778189
0
670748578
0
1927983001
2
1684036184
2
1342107237
1471496656
1981979480
496545625
264891643
270158456
1140230639
252613540
1540096957
0
2093958673
1078785018
315538078
793959121
910646859
