-4
184019431
472588386
-1150236105
0
-966134699
-966134699
1439416529
-966134699
-966134699
1641109503
1824472344
490669221
713203333
0
-1481587352
650265500
1356022805
235398585
513594434
-1481587352
1646112490
2
1320016461
1607568307
-1481587352
158471712
-1333630134
0
-1481587352
1646112490
-426179892
1727059730
-1214514436
11791399
1933660441
1135404762
865429295
-1030654242
1646112490
1079885368
431598054
1988302295
-27475944
458918998
-1409290402
796315357
1841558244
400616706
-775274937
-1481587352
367549932
-1136929446
1082009946
184019431
2012478244
512434924
0
328972392
196908432
565819040
296881114
1754492979
3
-566579874
450933110
1131469244
1646112490
-966134699
0
1822530579
450933110
860618448
1596336972
-1142082402
1439416529
-1069701358
1280559921
0
1524789450
-2015308502
0
3
-1481587352
1986187831
-1063641442
1556172995
431598054
-823056245
1263792789
1638203711
213196215
-1481587352
765741892
681102801
1864097313
1726812052
-966134699
1966345187
-1481587352
-1853838456
1646112490
1809090712
450933110
819260829
-1214514436
1666607081
-1911282306
-1214514436
184019431
-966134699
554668629
646965987
1499525557
-966134699
1203397561
1439416529
-1439416529
-1214514435
1009234617
0
1106497177
1067927503
0
1594738089
714806671
431598054
996324222
1897775822
-12651516
-1348906991
2114283700
-3
1646112490
1446106860
-82956506
1067927503
-966134699
250344170
1331792592
1637913866
1114854390
431598054
-966134699
0
1641266092
581925930
450933110
227692484
-1481587352
1637913866
431598054
628714705
2
664141592
0
1879980021
431598054
1311321384
983703626
431598054
219801366
2025958120
753490777
-898354972
450933110
-1477071545
1665067359
581098156
-1214514436
1871759871
-911496792
1242408437
431598054
1140315943
1
431598054
-1214514436
431598054
-339735700
0
1915790662
903983085
1869976646
-1060526497
431598054
0
1529651806
