1250144361
1526776694
1384208935
1526776694
0
1678503460
2034039396
111438371
1526776694
1101622563
-109820428
-1925709650
1203321354
6
1507058198
1526776694
1526776694
1925179971
1526776694
1979999800
-764638572
443513706
0
146802448
966774886
2020436529
-1327096562
955640484
-1914678118
1741771007
1096476141
1
2020436529
1378632748
-1185131853
-1646714444
804464076
147141890
-1872619933
948186000
853512484
978000334
1378632748
374616248
390025189
1728799636
2020436529
548403176
4
1378632748
1515152097
853512484
1653671011
-6
1074986452
1378632748
-1684744798
0
1975002743
853512484
-2137168774
495763442
0
857156841
938204150
82919771
1
0
1638317466
596427934
265529994
1378632748
816215705
379947761
338811373
472008582
-756069315
1970240586
-477339705
0
1830696703
714385888
1904495238
1378632748
0
277483488
671446731
853512484
761373188
344423023
1708134698
1074986452
-1
-1351048982
1526776694
853512484
2127946436
1639349107
2
743017516
1432788700
301231846
0
853512484
1022745106
1378632748
1024855869
1514681333
548403176
2
2020436529
