36611500
888985630
1925885668
-1049404970
1092255074
1310135556
0
310382064
-1665504536
1310135556
552781090
705946980
-82277364
1310135556
-422053843
2076946440
0
0
1714593762
1827359013
0
1310135556
1969113102
1200280844
0
448601517
-1357404276
198060218
-1838991321
198060218
0
-1598752218
0
218445165
1727300934
1378054320
58773081
-1357404276
1962618540
-1
198060218
79878594
230446784
1827359013
-1357404276
1635302470
-498363434
1310135556
681241295
671905119
-645444194
343137863
-1357404276
-1636550906
1310135556
1406274092
0
1768078083
671905119
324249600
1786448733
3
298767432
1380307053
-751811916
3
-1357404276
1380307053
-1106886431
218445165
218445165
515642798
218445165
707547449
512750445
1
0
1628709158
-228657884
1931735558
-1905668651
1675078514
8599086
1522513745
266837609
-574177050
1540251652
67522966
1
91077351
1380307053
865217832
3
1404674597
262424713
-1538793440
-1125403739
2097357512
1
0
0
491423527
1380307053
1380307053
55056742
1310135556
1781639196
