-1244099250
49399483
1577134037
-1178182441
663009972
-1073996894
460301782
49399484
1726786609
1335382643
49399484
1480998359
943259251
1990609834
2122862300
9
273522034
0
0
0
1769819420
868054646
2
-590086500
9
1785218132
1995111215
566249276
1303288388
-577356850
49399484
1227581925
395641483
4
1227581925
1214637146
119040472
1600604751
-2118337029
1318263074
-2118507940
1070061706
1
-558263398
106911216
630776016
396973875
565576265
396973875
615478237
601581840
1787204554
320315303
59331740
0
791471114
49399484
738316625
-62091360
1322988229
518523499
16761208
