1617287272
8054505
1000016038
875611852
5
339648381
312405836
339648381
339648381
339648381
339648381
1975352204
339648381
2
496754174
4
-1747209945
2079055715
339648381
1797943446
397009804
0
1
0
457751861
683883175
662139186
135341624
2007004712
465748888
-1734936952
1259323546
662139186
1
-9850283
339648381
1281188220
619583728
1323328015
1965912306
0
662139194
1696496029
-929475412
0
940947915
0
0
823576872
591263442
1183664146
170957888
840846352
0
1017203938
1222878228
-1185852672
-1
662139187
1854513192
-3
1369688197
885295496
-260083936
1436771062
283226681
733175020
840846352
339648381
416779497
1391723589
339648381
-819895368
972695974
255566211
0
666567170
1336696589
2059258083
1218210385
662139186
-3
