1195509394
1182135934
970982127
1417204309
368734214
1519671686
2084435765
1749454852
1490137033
-170270638
410293994
-1600659712
1417204309
803711906
1417204309
333476372
533782787
652170444
1252166496
1368755400
500026021
771766801
533782787
-1892941565
1368755400
335977984
1557830720
770229754
533782787
1557830720
1317860583
370441152
2084435765
1557830720
706091210
1742759533
-747579993
983748659
-1
692647044
1721758519
517867556
1417204309
2082136834
53918836
-1739748766
0
1311662527
0
-1024047933
1024228752
1082446459
1417204309
1417204309
746827217
2018879395
706091210
0
535300592
72262686
1245164077
997838548
851739510
194526049
2071780206
0
1643897802
303114830
533782787
1339774870
-873817492
-964123157
851739510
1425946250
812867999
1201954693
682144855
1643897802
1437190293
1311662527
195718690
0
0
374935080
1311662527
533782787
150233689
1520921646
-233694944
264562221
2071088338
1
0
1151833159
1227775397
1557830720
-17266695
1256402076
