0
110552281
922795380
1953685792
462453103
2
1953685792
0
1125778429
-908445264
1953685792
917165514
1953685792
1531446393
0
1799039536
1430980369
2
11166163
257666605
1953685792
1953685792
11166163
11166163
444049010
669307113
1430980369
1267912185
572228567
1430980369
11166163
669307113
-3
-1135799590
11166163
1986687580
4
-569914615
968030129
11166163
669307113
-325614298
1430980369
454192825
997359770
1016331744
-2678510
1120818522
669307113
1697436351
195131848
669307113
1953685792
1742831968
-1170820010
669307113
1953685792
1691634344
1518932288
669721516
1466433980
852694688
234180453
669307113
849074835
-2125477032
874841952
861896379
1953685792
-146214656
304663223
861896379
1255311336
861896379
839568149
1735377918
1383527019
-1529008490
780287449
1811177018
-2024533183
1953685792
-74055928
1953685792
-74055928
-1282148088
-105063856
234180453
-1337326941
1305567212
1
276397494
1428848211
1959412540
884803511
-1220454302
1780808310
2101873630
441317922
-1932400404
-74055928
610838354
-1547085152
972323950
-592331666
1403526147
569180252
437250286
1780808310
1953685792
1451241710
1138934339
