1759011715
0
0
844654354
927778563
0
0
97017758
2077427970
-1
1913784771
-1195185059
1
1
-1
1996364418
1005002811
732977651
546174938
873753122
0
840568950
-1293600069
0
969309463
259698557
374459067
916903264
588825252
1005002811
1
1996364416
645649505
792001076
-1
1
1
448129279
-1652953376
0
-1652953375
-1945583361
1665071037
233789440
1996364416
1
1657440362
-2119130880
175792489
1
-2016876884
-1652953375
1996364416
1063483602
777628403
777628403
1066328012
1297620745
0
336238544
717312947
1871079607
-1
829556648
2136005087
1996364416
1
721784191
1322589390
-481039434
0
618577583
1621302903
1432399354
-1
