0
1773274295
-1723148070
1343851708
1972291375
1972291375
1183096650
1972291375
7006371
-670493844
1566597946
1130187100
1894851169
0
1972291375
1894851169
1379997558
1976501899
0
1221417904
7006371
0
707875480
1972291375
514007782
2115183088
-1223349607
2036793222
1379997558
1894851169
1849274895
1972291375
-948576636
1814303770
0
587145270
1633431454
504701318
-2049077322
2024080932
0
-1033556834
7006371
1972291375
75347682
203733201
7006371
457077333
-801604931
1972291375
1411109677
7006371
2144045770
-942678363
1
2008426504
861738834
2124761723
-546156014
7006371
1674627103
-119505156
1385225877
1521642758
0
243951149
795700038
-1961869463
1778266082
1354612769
-1886174450
7006371
-1961869463
1369410629
519249391
1894851169
1379997558
1084225989
1778266082
1509404428
882675203
-2049077322
1835597818
1379997558
-103142545
1098646528
1449577404
2026138267
-2049077322
1972291375
1622003117
1389998484
952936192
-1012382128
315235920
1348505148
33348198
405844326
-271077764
1644492996
