1840489511
2098802141
1087640457
1945258775
523719027
454362313
4
1341572486
1383050077
-2
61604836
0
-1729186357
203410370
1651169355
1538119753
506312970
0
-363650666
6
1538119753
-6
-363650666
107832168
93772858
1538119753
-363650666
-1174469087
-960153777
1148902000
1935743753
0
-1186116554
2
1538119758
-363650666
-126837651
1036900804
1538119753
73071308
1538119753
-1985840578
1986313510
485678520
971671880
706049748
-363650666
7
1538119753
1805948974
1486704916
811210742
-363650666
-363650666
-1985840578
1538119753
-1206099
1361411317
1538119753
48791936
-400461813
9
0
209474572
47
1912452109
-1985840578
-1240244616
-93750012
2
1875244555
-152670162
618571919
1567262202
-1985840578
586683237
2075549131
1805948974
9535248
1538119753
1805948974
0
-1056389220
621116544
1508273857
951157797
353758298
0
1884124405
178305142
1993672066
1956058205
1805948974
0
1071483283
1147685664
1427691970
-3
405551741
160386746
1636449084
23977511
-1037581718
1341144280
516683400
-13986564
