1504449743
1264051146
1517255038
769499727
1832577056
-1017610010
856177917
671891182
-805231720
1456446227
1050966720
0
1574074200
286237376
963696024
286237376
1360672135
-877704138
1866391608
1949676556
1005555803
0
607651978
326074281
286237376
-248771736
-1802789939
1158364461
654192490
1847091620
1569740232
607651978
1957403315
1825088384
1458274784
1172530362
-741301991
1644772321
286237376
1644772321
1677412628
411091952
2017256935
36
1708631579
984666755
721265466
0
0
949404667
1187427303
1587733016
585442715
1711245767
-260233816
0
-1289581056
1445965122
-486337357
1209961802
-935513628
1850097918
0
1279974831
411091952
-1441678493
1445965122
607651978
-1405655486
1226348133
544057319
1556356593
1332701464
1445965122
516301737
1708631579
1948820129
1117566569
-1836562577
679949581
1079002716
0
-58757924
286237376
-1354310907
694377536
1176483722
847579592
834648336
914459611
1840392030
-1891992845
1825088384
