1157863900
1845723662
402703463
241054931
345497152
1874318785
806551537
766841586
1081500377
337275538
1608852649
-1620450120
1087303914
1557523538
799567860
818911992
1
1821893562
542495648
768178700
1808124690
1838507286
0
531979752
121633040
799567860
544912844
1042399544
1552490781
1673140640
1857040938
0
-1221822480
1612416845
-1813234672
1552490781
-2022197470
-49473469
517902171
357531508
799567860
1238985600
357531508
1646951481
357531509
-1561905612
-1455703159
1
-1620450120
357531509
1552490781
95546672
1448929521
929951280
-903904194
1766707303
1277772846
1733269506
262172912
0
799567860
39184523
920315848
588833249
311621492
139791882
1136300913
-132305156
-1415535873
357531508
1277772846
-1737262444
-1620450120
-1460865801
1882522352
382662597
1804790861
790367925
1634928653
-1180869815
1404851234
-978968965
1137349812
799567860
-1857352431
540371255
237806995
1705558085
-1753209124
2044702163
1137349812
-1221822480
1089364985
947142242
1
811145019
49223523
-1558615006
357531509
-202072680
0
1293337708
-1336583360
