0
1683329922
230287423
2013078488
762789391
1742147371
2116334466
-2061149769
1186387706
1136624011
1596538831
-1981575040
1012102488
3
941880070
0
949320785
1125793443
1
1066217322
1
885674949
1771758067
1219278868
0
1125793444
376908975
727290795
727290795
1942579664
-1822348712
154295111
1298410823
727290795
1180623507
727290795
995984072
727290795
247116854
1725051625
0
-1001642353
-1104303836
1219836366
-327837716
6
61103097
-327837716
1125793443
727290795
-965365174
-143760429
1066217322
992686359
808816445
1747856446
285425088
199164494
1066217322
727290795
871051224
-939453904
186076373
862931166
818890968
74883394
130097703
367847726
6
1125793443
1036608637
0
1601405242
599975911
542115751
6
1125793443
701840052
-1217448518
791338894
1438828
1619756222
-1059554003
0
564591529
-1834544064
1697649811
739967571
564887047
727290795
2091084996
-781124459
291765183
1508899725
