-425019477
134967335
901595902
275406348
-572367644
127439519
-15
870292104
1047242731
368276398
-2083026741
1916578810
0
2032224179
511203983
900725371
-359716432
0
-2083026741
1970883580
184835157
577561633
1271411215
1502289212
-2083026741
132917334
-3
1349756393
1618077254
689542833
-2083026741
1970883580
127439519
1555789883
-1661138109
-572367644
-1423029639
873476368
-366038968
1816871653
-1515903461
184835157
1205924425
2113360541
703727404
-2062395313
-2083026741
-572367644
132917334
-935354936
312364328
1970883580
127439519
-1737812823
85677289
1427080130
-2083026741
788910916
-572367644
1384290938
-2127008983
-1980458235
295451192
1970883580
0
1136033497
377191387
350741838
1195163199
20509554
-647792373
852860992
1274132892
237619645
1880220
1074652498
