-699188360
1774903671
1877704097
3
-1744459067
-835697702
0
99056255
258590548
-1795784178
-587455758
925587977
2021472534
198112510
99056255
99056255
99056255
1719879291
-1046954308
1024899916
1116924864
99056255
1042276935
99056255
1380269535
1606488835
58712648
-615554459
1211608450
-1895185698
992696786
-581674970
259478958
0
-581674970
1149539989
1994241953
-440672497
472714178
1403913837
-581674970
-1220716606
1606488835
1470077397
1795712968
451912213
992696786
-161415326
286870018
99056255
556595833
118731530
679026896
-1102021573
-1936983914
1692301149
1606488835
1795712968
1795712968
1764612722
-1881773474
