1058505186
594513279
-229389334
1000974642
800614826
800614826
-1
800614826
800614826
800614827
-135034446
-1948863274
1598077722
62973252
-1489878342
166810693
-229521271
2
2
1005654228
166810693
71742321
166810693
842219164
1590271301
-1031022693
800614826
-1368878324
191455960
1905724620
800614826
2098191477
1941084700
166810693
-822373619
1140199671
612423486
1433767402
1095104596
166810693
800614826
803091562
1433767402
0
0
1294530423
0
1
1433767402
-800614826
1433767402
-398734770
1073396961
315631729
1334034619
356146803
0
1946039534
2
1878027048
-1723990113
801688972
-218445171
-218445171
166810693
1752479037
0
0
-75282381
-760968477
1590271301
-1464129090
315631729
1
166810693
2092001777
800614826
-12
333621386
1235975812
78527406
0
347034019
1590271301
800614826
-701226934
-1088047020
1950744827
-1967422629
