-709012032
1338057323
1199153548
2119709360
1051168499
-1833454834
0
1338057323
1338057323
428698580
1338057323
-102927486
1338057323
1338057323
528966866
1338057323
1338057323
609130368
1671445465
440110129
1402522309
1338057323
1338057323
1749550990
1338057323
1338057323
1559539621
1338057323
-1460137349
2139187840
1088675026
1338057323
2001311548
1178020442
1749550990
1932715262
528966866
5
-1460137349
-1882907756
1995096025
1249926828
1402522309
637349357
1603509514
1338057323
1749550990
-1
-4
1338057323
1610136980
1567483316
-1760237538
-133958547
1784955227
1749550990
-1614798335
0
1816943830
1496508228
1338057323
23479089
2073279869
1338057323
-650119890
