121
35
121
50
85
130
-35
21
-35
22
3
-35
3
130
338
405
-16
-35
0
49
4
0
5
98
98
98
2
120
98
51
-16
100
98
45
40
20
406
28
-16
98
32606
98
3
-2229696
3
4116
-50
2106
-16
0
2
-16
130
24
-35
-16
27
33
11
98
18
21
45
63
78
5456
7
2156
12
19
98
42862
1
4753
0
4
1
3
1911
62
4869
2
29
2
40
89
11074
82
34
0
6
2
19
78
47
98
29
0
752
0
98
72
12
59
13
6860
1616
98
98
22
31320
2186
33
42
4
9
4116
-35
9
210164
69
89
4116
-16
2
73
-16
1
24
98
21
121
24
98
4802
35
61
3626
41
36
94
5
55
363
-16
1
38
-16
1
-6054720
1452
3
5
624
22022
15
6
98
-91
64
2
-528
98
-16
77
4135
