-10638
12
16
-355
358
358
358
15
358
358
1
32
21
12
-27
13
26
12
358
54
1747
5
2506
29714
2
25
5
12
358
-329
-329
14
3
358
96
-141922312
0
11
-4296
358
92
35
0
0
65
-8
13
-4575905
51
5
16
29
358
415996
20
30
9
22
55
20
22
103
-37
41
358
358
-20
358
-687
54
29714
358
3
29714
18
39
8
73
13
-329
2287
-41299970
26
0
10
2
23
0
18
-4296
358
74
26
358
918
-4296
168
-319
52
17
19
-4296
415472
0
10
41452036
1
26
59
20
8025
41299996
8
18
97
8
4
358
5
3
13
42
1930818221
0
36
10
10
5
-741541624
17
5
11
41299996
36
12
16
17
18
-348
5
40
2106302958
-955
51
358
412999960
10
-348
12
32
25
39
59
64
13
2
5
46
4
1060
59
-90573046
146
40
5
23
13
35
59
0
8
7
-41329588
36
-348
20
2
1844
54
-41299664
18
52
21
56
14
42
18
-3
415996
