26
0
766
766
766
1
32
32
0
22
63
15
42
766
766
9
32
12
73
32
16
3
781
1240
-10
63
31
32
24
-757
47
12
0
33
37
-764
15
766
15
52142
15
32
69
928
32
3
25
766
15
3552
31
-13
734
750
766
22
1760
823
27540
9
19
20
25
29
766
336
900
766
3
19
766
64
32
20
43
-2912
11
672
15
28
773
51
63
36
71
255
28
1300
-2894
32
1545
-900
1532
3
10
2858
5
23
-52135
37
66
32
16
769
61
4
24
766
766
5
84260
0
766
48980
-712
-2894
869
56
1
-4394
21
53
8
7
9
23
0
-51
40
32
31
21
-712
57
21
60854
7
8426
4
798
40
51
17
26
21
77
46
104
77
7
3
-6563708
32
0
49024
10
51
40
15
68
47
-900
-1576908237
39
-900
25
48
56
5
1603
0
44
-69
46
13
-52135
6
2
1140
36
22
0
766
56
-900
21
