-183830300
708311657
819485799
-760353557
1639756608
-791334352
-1496543888
-1496543888
-1496543888
1239121838
133329121
21070852
2131360555
133329121
1560594749
133329121
133329121
-2
1496543889
-1496543888
1559241280
1869492017
-1496543888
1993300790
-1496543888
4
1182119953
1618946663
1975636357
-983968237
1922092496
1740191988
532043889
146569461
1714118849
814508854
57641361
-2083519360
-1496543888
1547931681
-744717667
714904048
-1496543888
0
491440253
1547931681
554154937
1081728405
1278174917
769687154
1374358574
-1437316909
2
-2083519360
1193116920
301659070
2
2
-328982015
1547931681
1079812550
-95377480
-1496543888
1293971339
2039890058
-1496543888
-1496543888
2027746806
1
-106923797
1702115089
1767788543
0
856833497
1077949569
1980667686
-2116518624
-740078305
-1050539027
1522354441
1244388292
-1496543888
1055875844
-4
8233063
101170400
770945327
-2083519360
168606588
-1496543888
98639782
121065983
0
-1181966599
