1210852296
2
1050766848
588160680
588160680
611108251
497041112
724585099
664023238
-1424929520
1176321360
588160680
588160680
588160680
588160680
473389198
240896928
-1404106193
111655630
1
1252535407
1130806556
0
111655630
285038844
363261023
786818220
387901244
-14
1504281703
1292512128
588160680
531831952
1989850055
588160680
-1167928764
588160680
588160680
-150443328
1317918817
408432992
588160680
832373614
1917498611
588160680
422295997
1
-164074296
1735760064
0
350598791
415736797
2
-150443328
1295714606
1950082654
266294406
168641079
655498299
275191738
813839308
-518123230
-518123230
-894988288
1494668321
0
1198216157
0
1
2057548651
121787440
588160680
80543750
1999543830
243549882
-150443328
0
6471632
588160680
815645340
701567793
0
900632700
