772516778
470321437
-2122689120
470321437
617020603
1829305770
1698568763
1589490346
624971794
1589490346
32399778
1589490346
-450131262
1028865687
608609045
1589490348
470321437
-1795814302
470321437
470321437
470321437
470321437
1309432839
933967521
1645081923
162235629
1216110051
1280541675
740891120
559434995
470321437
1509617986
1596208548
18260302
0
843681501
-1742124416
322138686
2062034390
0
2144785777
18260302
675641002
1481522697
1160376187
53543109
1784375530
675641003
470321437
1932100497
1654095623
780497775
470321437
355410275
470321437
803282579
1160376187
1321817649
1049182153
-561578889
-91257452
1566232082
2033100231
0
1806400302
1784375530
-2110140632
1383791687
449386406
123441764
-138287608
1640692095
1173563922
2098357800
1160376187
632812639
355429584
1987244320
470321437
-2015300016
395455090
470321437
398724697
-561578889
1393872138
481617286
470321437
18260302
-561578889
470321437
1111410834
1410071761
1606892722
1779367618
632812639
2010675199
1378509594
-1009455476
1925592287
-561578889
1627887335
675641002
470321437
365606240
1683548273
-561578889
2080687376
-394160448
-1537892194
933827812
1671808212
1784375529
1274331139
4
1
1755494692
1086763488
-1
