1117041123
-756901888
-1959295858
1067990601
1793306624
1107774767
1164599782
976866945
0
1382997343
1
909403417
1767076576
2
15152847
1059319404
1218229686
115305419
907626392
850993007
1237987496
2
1767076576
2052037
2145081106
1767076576
128287321
1049681258
1924720287
1159393970
511680807
15152847
460646745
1767076576
15152847
907626392
914383870
15152847
1636766454
0
0
-1553974018
724180422
2142945900
1723324583
907626392
1222540349
1245866517
1386611423
-1348992360
-11
2038348544
390085235
907626392
-2038348544
1677401507
2
0
203663506
272934123
1600500945
1830617583
0
1913049811
941984606
1021999313
637213973
800312912
2
349588052
15152847
2
49299257
1880984105
0
15152847
2
1749421896
