2035114554
1
2013900253
1565105010
0
791586849
-1926932105
8
1933528996
-2123677874
1849433456
-782927970
32439220
327961347
-782927970
855386080
-1256962418
1
946972580
1186177423
736542154
389887387
0
1860557563
980563785
946972580
-2061420848
0
-813714272
1265930274
736542154
120768824
736542154
2090545020
1926932098
0
1585475709
1926932098
196983970
119505309
1585475709
2048775568
548373455
2071103687
2146149135
946972580
1926932098
-2117803469
946972580
1256527824
1585475709
2146149135
0
814624984
925703729
-782927970
0
653189895
348791142
1905644448
-782927970
-726390391
0
0
1444596063
1732155007
601152432
0
-782927970
407444514
1731877807
1269985851
465830940
0
919229220
123896646
