0
-1498545267
-2057761046
1666322919
662320274
773411565
7
1666322919
1666322919
-1815059249
1666322919
1633330820
1027551633
1666322919
860511482
643041403
-479710658
1819889131
762671757
394716077
578626723
533880179
1232467945
1962566060
1326328790
-1370922432
998100542
-951252080
1517918837
133
-1067792384
-1
0
-222538307
383941406
0
0
877807275
0
1411995384
502917843
902571516
1434702318
4
1656519240
1174818230
1419899064
-1341644644
737738240
1434702318
-820352751
1958194164
998100542
429072958
812304366
1260180876
1933960003
-278335661
-695658748
1149980886
221315186
877807275
1894545792
948694233
0
4
1667971116
277423256
2
0
2050970321
3863327
4
1069973648
587409115
587409115
806074917
-147935627
