5268906
356680480
1713544158
1798870925
1405875091
-1598678760
1369949286
726916892
213948246
1177175486
-41401629
1489945407
-731669965
0
-1590753416
1260025702
1489945407
1489945407
1911835290
-1590753416
1489945407
1489945407
901034658
0
1489945407
-73426000
2020697668
-1590753416
0
610374040
1442637696
-889474080
456649762
2070735333
0
1489945407
0
-1590753416
0
921133648
-1590753416
581912912
132982133
223843531
456649762
1533577429
854253562
997432242
1489945407
1198755770
1037405619
1113460464
-1590753416
218706581
1102011423
67107905
0
169707152
-1590753416
-1134103654
1043854574
-117406393
384678208
0
429774105
115677896
1741121076
1489945407
-1590753416
111356544
1487266032
1431391540
-1590753416
0
1102011423
521414271
-399468915
456649762
2052196826
1374000929
-16973218
646096134
832189453
-477292952
197874516
1868069911
582975456
1718045832
1202880428
