988565311
1673784965
-1398067453
-1280200099
-192163521
1694441646
1694441646
969234278
1
1694441646
900401882
1694441646
666147893
248510020
208680366
-1755465201
248510020
-803184160
1638983908
896166748
-39089431
1694441646
1260687298
1113568520
900337457
769962937
0
1984302454
1262012448
286980304
1984302454
-679192395
1716668808
16
974733273
1612836244
-1349653248
1694441646
1984302454
937794642
1600338368
-1640503846
1984302454
1694441646
1694441646
892798835
102743116
-2030516552
1302635600
-2030516552
1573746040
1
314855644
2050016052
834223732
-1753936220
0
1271680778
1441552583
493718124
1694441646
1694441646
-1207800086
1600958016
0
-71557456
2048185939
-2030516552
0
1716668810
-1175056182
-467
426904347
-49683585
-763939888
1
306546150
382818464
1983106443
2
-1322536720
413183618
1694441646
2062815733
1270162008
4
1694441646
828909118
-2030516552
2048185939
0
0
1087027398
-2030516552
-1854999443
1874783206
785219433
929634565
1694441646
1542922191
447587644
