524273909
845524629
308287836
2042711496
629080770
1197898825
1
1
1728272881
1970039547
0
1
432085222
1763413313
1
-2
8
184137176
1641806127
370326991
1
-739228229
1
370326991
536775114
1025612414
2072864327
832696220
370326991
1688905734
1
1420425547
841360588
370326991
-875143644
1510932615
1913438064
1081536804
895112856
1390566786
1
370326991
-9233519
1508918231
370326991
-616008790
-49732383
-589277762
370326991
1
1
1
1972709059
1896087508
2135669112
-619540641
454650385
750641944
241719756
2072185897
1
-49732384
-1229662138
717847129
370326991
758438284
2066506118
1332304543
832696220
1
370326991
1126300861
1783663682
201144392
832696220
370326991
2072185897
399566623
18129241
184943329
1832280314
0
702165453
1396379360
1619879181
2108958989
1467911858
627337622
1784558562
5
656341486
370326991
1784558562
589358110
