2100424360
-931347434
1621890301
262548736
793762616
262548736
0
694916584
0
262548736
199562068
1243994813
476612818
262548736
2080565386
155595421
1985907071
1607989061
84042496
262548736
-1189440692
954800027
-2048414423
262548736
262548736
1291831479
1947649188
1947649188
2
131786998
713697204
2100741295
1837014995
1408762682
375701234
184922703
1423507913
-1452536880
-1090554955
1095575567
-104860987
877944935
1026034124
1130272946
-1
-256641472
1199883324
6
-1090554955
1159590776
1956145698
1960807899
-1743479339
16
1078606209
1342796429
-318616081
0
-477505276
262548736
2070275775
-1090554955
2096850894
-579834112
795547909
2095674780
1022388111
-1090554955
795547909
-1277111499
835304463
-1090554955
-579834112
-72816588
486078869
1468590825
-1090554955
-1726151072
1
262548736
1947649188
1746036675
1468590825
-1090554955
955333485
-1014562763
254536316
1224115726
1554253461
762777537
-1090554955
1659320012
2061060476
0
703744416
954800027
818260597
308459592
213768818
577426036
5
-1090554955
0
-579834112
0
954800027
-1090554955
-840176736
0
1315741548
-2
1468590825
