547473042
547473042
547473042
1094946084
2009921755
1702601967
547473042
547473042
-1747881498
547473042
1568792133
0
547473042
547473042
-1747881498
408225208
222949590
-2144850715
408225208
-1747881498
-926590075
1976396329
-1749838284
1352939472
-2066041280
352999298
-1640356290
1488537303
-1747881498
1239266222
448490343
-1747881498
-1701321480
1339861604
-1064296574
408225208
716190018
461372968
-1749838284
2080678623
688772490
-415992955
451971627
367406591
1264553811
911133360
330233162
2057525017
408225208
2057525017
408225208
25695943
2036528639
1328739331
48889845
213292766
-868538490
1890544223
0
94258231
1137330200
1076915752
2056363277
105628752
2144110646
1751459684
1073552953
860036081
675683025
1213744352
1247766288
1473849954
975629533
1810061380
489695925
1013477851
2036528639
408225208
0
1283472314
-649684802
937830832
530786508
-1701614120
-1747881498
1465554432
1580021670
58377492
1751459684
766165451
1038919251
120434246
723148767
0
38
1853412732
2099861980
