2068580968
-1485773288
-1
-1485773288
-1485773288
1764008225
-1485773288
-1485773288
1370213538
-1485773288
-1485773288
166511413
927906274
1156337238
2
-1466040560
935353164
1
715736391
1802662011
2
1607471343
-270279034
1
-1044988395
1
-1485773288
1
1907549763
1996272510
1452791844
2116916635
-1538333279
1510598384
1573487761
-1802662011
1985244829
1
1802662011
260452219
947686074
1
15790361
618073063
1593344307
1470184898
1388164121
-1966095813
2101907507
1345567290
1802662011
487765910
1957356609
1
1626725848
73213335
1564727609
0
314432154
660750202
568691293
243036989
1477178566
1828385831
0
1345567290
1345567291
-914054410
-1547901889
1802662011
0
969568915
0
32
