-1912570320
643114496
1235763034
1271137326
0
1748913078
1632241962
1748913078
1748913078
1748913078
277782225
1690323502
11865505
457441870
1
273195929
1900668531
276378664
1
2020361621
1517029205
457922050
1617555938
1212549880
-2139219230
972022976
402284455
-1626773251
-2036984856
1488927652
1748913078
604950337
345395671
806354060
-1979965461
0
1876303066
936260857
1628947106
-1003625681
1870176576
1217146133
471577543
1336606882
1681151976
457922050
61004153
123005365
1748913078
1
-781072087
1217146133
-890254921
-2073515478
0
1
-1418381016
-117580925
1748913078
-856369345
1876303066
-2073515478
1493058057
1022336575
2015727391
-16462244
-1003625681
1748913078
-1440250702
1976040215
-1328822432
123961802
854014198
-2073515478
1217146133
911540978
1
-1201518097
-24712758
1987763715
341677519
1217146133
0
471577543
435861167
1117342032
-16462244
1827182856
1217146133
457922050
1906025468
628073732
2
1906025468
-2052275477
82725406
1906025468
1265472083
1713795109
1874612122
