-1283278118
730420400
-1283278118
-1092394632
1752763821
-1283278118
-1283278118
1041797984
-1223670725
984782162
-1283278118
1062755647
1
1171654853
179487735
1033178802
1
-1034560468
1
-1283278118
1216351284
1246723419
587646041
-121197585
-1223670725
-1
-37198610
587646041
1055336727
130456700
1897969275
6
-1283278118
982551022
-332155016
161435404
0
121197586
-772902583
-1223670725
60598792
-1223670725
458733728
2060284345
-1472947506
223695374
1427841106
-1110112876
-1283278118
587646041
-213986402
854296229
1157762874
-621899950
-1
648927882
773789740
-989000857
1108559716
1676748477
-213986402
1735985443
26772927
-1308459770
-1540890593
1773785593
1590819752
1428241033
-121197585
-1223670725
0
1365572152
787891124
