1658494013
435541749
1685416620
770473019
1
1073234392
1297659006
770473019
0
1896197040
770473019
0
645053808
727788426
2020317170
1847229570
1148975664
-853709762
654925577
1
170289472
1843707411
2020317170
1241273308
1
925921439
1445078723
-2020317170
1
415662821
1221290198
802471046
170289472
1221290198
1262060454
881859484
1073234392
770473019
2020317170
2020317170
2020317170
882848093
2043321024
249891213
492672551
1073234392
1137633181
0
1786812723
170289472
2020317170
770473019
1073234392
682027303
-1234157534
1
2020317170
1374942427
-290856635
770473019
