1659076770
886480550
926666287
106883620
-199489329
754932927
926666287
2095430375
926666287
926666287
558457034
0
1603807552
-1267564282
-1142293791
516900466
1772094900
-1267564282
926666287
-1267564282
-751824525
516900466
80216777
1483001267
926666287
516900466
803890847
1338526072
762979032
516900466
0
2013975918
1141600071
0
1140762825
920567605
1801978302
1483001267
1483001267
516900466
400080468
0
2098917698
612248725
1597784563
-1267564282
-1461896356
926666287
1990331527
926666287
926666287
1412523000
-1267564282
1140762825
516900466
760337833
1679755819
926666287
1458555083
926666287
864255389
-2003048751
1645979778
-1892078365
1140762825
-1267564282
245747244
516900466
-1892033623
981620565
516900466
926666287
1669956117
1060835283
508243360
181180666
0
1483001267
-1267564282
760337833
5
142129640
926666287
516900466
1607563543
926666287
981084194
493894454
516900466
444502627
1231179767
1166137260
780670653
-1267564282
1679843729
1419810451
19150025
