-752640177
-1623103539
810330939
-1623103539
0
1917149535
700712962
-1623103539
-1623103539
979213625
-769609866
11859746
1532893414
1671724416
1532893414
753642824
30
1359387282
425574293
1118118093
-1106459450
-1532893414
0
847968259
66250019
1272627710
-676334679
-262404258
42837243
1532893414
-1167495699
1565302416
-358662119
1463668072
346852226
1627712642
726095449
552401091
758414470
969431886
9
-1623103539
1011421319
0
993281323
503590599
-297982653
9
552401091
2094645501
-997953568
54066240
1521772213
-262404258
552401091
-1167495699
1
780948239
744820779
697347432
625346593
383830103
0
1701760583
316035292
585200421
788881885
-1
7059317
1
68730597
585200421
-1167495699
1732921302
1971657027
1521772213
67736596
1574262984
1521772213
