1789415005
308219782
730907761
730907761
1485951887
495911614
730907761
730907761
1076507127
1076507127
2075971959
-1346244172
625174505
96769946
1022435195
1580273704
-19
1265889292
1985079498
1835748682
1618869080
0
-1893251960
2075971959
730907761
1394829161
1093845389
0
1835748681
1950427957
46589717
1444330495
1073117023
0
0
730907761
730907761
1247992858
953231879
891658717
1976749301
299114085
1265889292
1921776402
2075971959
85811946
291293383
1443600245
1731693079
-1746831986
1369941557
1424468873
326321583
326321583
1017721563
-1962801822
1870419068
891658717
179342880
1195371768
-2073294512
-1615992147
-1804063876
895724702
0
0
