1784398697
363521815
1185455923
363521815
363521815
-2128182255
1571369732
-2
363521815
1656372002
363521815
1102803528
1167028782
614959217
455571426
614959217
547428506
819093241
-1450828783
0
-1048316654
29616376
-2008461355
97175270
-560472343
159086050
1707947852
651474035
1963744437
1
363521815
1135934275
1823502186
979238084
1835658210
1844877651
1102803528
920915165
625985471
363521815
614959217
770067798
363521815
-739281713
1826370396
1102803528
1431386915
443831221
899788180
0
1074058661
0
363521815
1791963225
911477889
354236773
1489168188
1
1122654816
-1
1276836440
485836627
363521815
-2108815128
1961933716
926921747
458252338
1929467681
662678482
195681678
-1905172237
855526240
1161317249
-10
614959217
0
1808572647
1473578076
-237784183
-1943960295
1016407631
2000786166
56255440
363521815
