1334891740
104886401
1312162996
1841709692
1769499075
1233827334
1233827334
-1925947979
0
873583583
1480671423
1233827334
-1927565006
2053692418
1233827334
-983704975
67169718
608685389
1793495894
808118868
5
1905040995
454197798
1233827334
454197798
0
1233827334
-636733727
842398273
454197798
831648681
326036131
1590552133
-454197798
1233827334
1233827334
454197798
405844025
-35232590
1233827334
316636007
454197798
-2
326036131
97786981
1317959619
1906044096
1688025132
-608770333
1
774735355
-1504668943
0
326036131
58489718
-1233827334
932797157
1386994955
840070292
-629829862
952811364
860614104
0
316636008
49802457
326036131
-1542179126
1590552133
1039126183
454197798
932797157
-564298972
899561638
-552474386
808877411
347761044
-2
1822978766
793651407
0
0
13916538
2068897718
787201618
899561638
989229551
1829411183
1
545229573
316636007
1892910630
322025016
319873889
1189326449
-3
827516089
1099626926
787201618
360513684
-1773723550
586161841
277386776
921847282
454197798
1259007210
682969250
899561638
810045441
932797157
1109054297
-1716490011
787201618
1995387636
1794100050
6
1545097358
-1628530682
1057680661
288157588
-1038942778
1458513709
1526453562
31553390
0
1284745891
-850477548
0
899561638
893358676
-1533056674
-132710996
464062590
92590241
921847282
1546593239
1
1716500055
494593718
