300846691
1338814147
0
375267937
1
-1668776991
1389936034
1668776995
1668776995
469100395
-720273669
1838067874
1251852424
-1
756608023
16
256989136
0
-957413306
1140125354
2013331474
2
153554229
0
99332573
-1385562606
646242751
1668776995
1336748311
1668776995
167947750
-1353433392
646242751
1382715064
1601112533
964891539
0
764843973
-2084880955
1894723903
-1466973910
266143810
2
274267152
651451142
1977061785
1455653936
1906354337
305882723
16
1
2032989246
-139463254
1287789107
1977061785
2065848362
2013331474
853009252
1474379669
1867888334
693808821
54337728
-468330434
340856666
0
16
1911603808
766496129
1516995324
976096756
990686444
1312618008
768660455
771186844
-1089858024
2065848362
964891539
16
764843973
1808967834
1709815309
461179840
530921634
1185888693
771186844
1668776995
1980015694
93012248
