0
1377592031
1
1
1879129522
90825967
-1861419562
1855250487
1195583870
1494816940
0
0
2102709431
644928466
1
1
2080899011
1
0
0
1812509184
1811771228
1
-1861419562
1330066495
599323612
1566523841
327473572
39284015
1460410612
1494816940
-1861419562
807926836
-1690277088
0
1
1494816940
1494816940
1
-2143454427
598031820
2055758169
-1861419562
906583393
1877697828
1581846053
1093073485
-612232112
2
-1979895892
1037892251
2058832626
2072504908
1
-1430893156
1
915757355
1139274120
1508968986
658274863
205812448
1428097853
1736265766
2072504908
225393016
-1861419562
1063575218
-1979895891
97006170
2141323870
1
1
-1861419562
128488293
0
769111080
1868709421
276886247
237359869
64393172
1494816940
1
2027116107
-1858946660
-1613700589
1494816940
689325180
-826489970
