-1975737652
1475260577
693288047
2121282358
1
1083806778
756831104
1696472384
0
-686917414
-1587936600
1
1059762973
1145996859
57363774
1732939319
-925602228
0
304313962
57363774
1776590673
1137922399
51620139
393207032
1662140831
81990617
1584513591
1052644717
693288047
138151179
1222942508
-1519086140
780477028
-435904276
126309824
780477028
1
0
1011303443
-248018861
780477028
693288047
465326832
834991011
1927579120
1427310952
659343397
1
1
392403990
1094180863
1
984730295
1216874980
0
138151179
1934273928
780477028
693288047
-1987816757
861120057
573717023
5
1
1669982022
406292922
1587666523
-612841151
1780583507
1162040029
-1094768652
882698814
0
301056338
1693633250
242844751
780477028
51415884
-725455292
