232424120
736457086
253197427
3
2108018379
1173219437
2108018379
57544306
57544306
1902953490
1715374337
57544306
1447389765
1591439974
692527301
-67662969
-731882384
1035319793
57544306
309601356
1906919014
1367153125
0
1889501945
666046203
57544407
894059447
1597345125
1400048301
1029719033
1915449146
0
984919230
1712495430
89763131
-14481268
-1
969528192
2085866215
-293838300
-26728623
1471066105
2016746855
-2072777512
1
-1
-652610353
603592906
2
376430088
-1290178140
2062948539
2108018379
-54
1526750697
9
692282696
495863644
398844525
377769887
848846817
1627951162
1906084611
732183967
1095453358
1607015679
969528192
-56246281
1731646777
333811215
201452314
1087193936
325110896
2087383040
1471066105
