2019163900
1298146478
0
-969623571
-802006640
-1501694104
1839601392
-1501694104
1746480328
1778877456
1851931926
1479881318
1161216717
1746480328
1671202125
1182832056
956351749
501870214
1568629630
130517722
1746480328
-1501694104
-1501694104
-2140998766
-208348547
1999289685
1746480328
0
24922050
968040195
1787982328
146801003
-1501694104
0
-1138826368
2023780991
24922050
1253550553
1289731598
1
899486821
898874937
932100256
1182832056
-1501694104
-58150961
970107453
1989574645
1746480328
-408611732
2104741553
1034987337
2035124481
-1980576254
1187181946
0
1079570379
482236867
1051967487
1207754106
-1501694104
395102315
-1
1540607162
1182832056
0
1819302345
401847853
616102626
1207754106
916022673
-2
2120243335
1096086101
1182832056
3641408
1608239181
94516209
1234925428
980598576
1360200546
1704349193
1591711169
165177981
2111514847
1433448356
1
0
8
1482003180
1061862006
