1237324661
1359526630
247760610
691642692
3
0
1053219986
197371409
1162138877
736360481
1402090130
1
1379282432
0
1
197371409
197371409
197371409
-2076071958
1126682553
261199019
-1075455117
1937020232
1162138877
488098495
672228795
1359510286
770662489
292805417
1162138877
861532
1742472420
1018421352
1162138877
-1
1410387785
1410387785
585333326
1225973640
0
-354338476
1967775133
197371410
1872133631
1695860301
478696926
-1162138876
1410387785
197371409
1326293623
320478337
320478337
-4
-198649864
197371409
1009409685
1165647145
1373784225
1494654028
1162138877
1410387785
1434340015
1410387785
1410387785
1243528148
1018752844
197371409
1410387785
325178606
1028280463
0
1410387785
320478337
1162138877
1065718611
702212859
1417053951
1044442213
927626239
756426193
-933624225
733539131
796330941
1065718611
2100287862
182303366
1065718611
-789914003
320478337
825097553
-933624225
1879228614
1163517085
-933624225
511534295
-2067109808
2
1876758008
0
1064878966
1410387785
-126902032
-956442420
487942112
1064878966
1522803995
2105272500
1209104647
197371409
475121455
-345508819
1663783424
-192956912
-1271410948
1226182555
0
-1
