697314519
-1831078764
986152748
0
0
1995078240
-1206857887
1231944266
1231944266
1231944266
1231944266
1003518051
2070429487
2098988711
684615025
233988774
1392673805
1015604385
684615025
0
-1625056338
470131192
-1284726334
-992564054
684615025
1231944266
1013418053
264963300
-2107751025
684615025
0
684615025
1066111544
682257246
1
0
1319247479
1182287077
717476702
738869538
732184220
732184220
264963300
1240051707
6
1206067373
37783627
-519555584
1
85502250
-1582845544
1231944266
732184220
1075765927
-569070016
12390391
684615025
1488579024
316097949
1916559291
163912422
1004749313
684615025
605077846
6
684615025
2001968008
6
509892452
-870041142
2012704139
542323663
-264963300
-1665608001
387232372
264963300
633248522
451359674
1177633792
-1027551179
