784209570
1156005202
236458830
956829021
1999559362
100236392
1739823183
968371506
615577912
0
199660961
1664949452
546833166
32695330
100236392
-109133214
1603136800
100236392
1894568007
605900817
1504092468
-1660480080
216573129
605900817
-1636620574
254493461
605900817
1944621643
1449144090
1175634671
254493461
1999852116
0
254493461
196980076
100236392
1523430047
1065501992
2134072227
226215368
522246928
254493461
1889908495
256664269
1707443439
584634680
118791987
1953208605
-2050538672
1848384771
-1601326968
0
1603251439
279052217
-1007120574
1999559362
686792160
-971530390
524409746
-1326218848
1354081614
1232853359
-779572313
574839508
-409810971
267180283
192544782
-605900817
0
-223612477
1
2036667415
0
1433245856
254493461
0
254493461
605900817
-1695937271
108171547
2
0
-1323749912
1630402206
1813519068
0
0
1723478111
0
2036662110
517728651
1193768045
882613841
0
1073929211
0
0
1862573414
-1873283414
0
643177627
