1493659596
1493659596
1673548072
149299367
525607032
1659840506
768162580
1493659596
1598340412
1472982185
-1316585930
1493659596
1333988507
-109734897
1493659596
768162580
1425826108
1468818107
969775693
-109734897
626036268
1378085653
1808243375
1486093543
2111696804
1467000761
2111696804
1658632273
-109734897
-109734897
-1996088665
160215616
1
0
2102633993
1072663682
-109734897
1493659596
-109734897
768162580
-1970395632
275650262
863771559
1253014075
302975992
768162580
-109734897
650383304
1887083008
1943584716
973917313
434202696
169171747
579590922
-109734897
-109734897
1
621175076
843565378
579590922
152494267
1539391258
1815008383
768162580
4
1564644295
1749144306
0
768162580
-109734897
0
955550415
2
422042886
2135067323
768162580
1343472366
0
-109734897
2004336484
1414472817
579590922
