1156079451
399005486
168829369
-251320637
623043232
1739719546
281403250
463918212
1856794629
1480322007
0
532984921
1752218163
1027283362
1623599365
-1118840206
1598040193
-1908964495
-1089616181
1313886955
2051535914
2051535914
-381745970
1426579133
1296807739
30026004
1532477193
1309643762
0
2051535914
1
1027027081
1376438457
0
-1578444560
0
2051535914
246452992
1631143936
-1006031189
1750022541
0
-1822339120
2057286884
8
-1118840206
-1125317236
-754728176
338453791
793881222
-1908964495
770748894
-754728176
2031382193
2051535914
483729966
-1962901585
-1
1991696916
-1118840206
-1
1417719752
2057286884
1125858322
2057286884
1991696916
2119803198
1
-1118840206
1961794560
1043660042
