39684442
1392833481
1723036810
1392833481
0
1576727306
1763071456
1872848461
4
1634750728
1360988407
1392833481
444761299
1392833481
-1387046429
1693284479
397779442
-105183581
1389882100
1386972421
1787736324
1968699151
1392833481
608982631
1723036810
0
0
1392833481
-105183581
648265812
921668702
420734324
-17
648265812
1602135863
658793587
1831014137
1975136447
-1881948417
1392833481
649905335
1700165466
1392833481
-604859755
1260510414
1392833481
478915862
1654244247
928171220
1115278315
1131447927
1
33662150
-51073299
-105183581
1591666078
1602135863
458873690
-105183581
2023532881
928171220
-105183581
-105183581
1723036810
2037491783
1
299682026
655047929
875668199
-1
10721829
1699080119
1
-504932263
1245109891
2068969204
623510877
