1
-310170926
663199324
1028049776
1445329688
1445329689
1700510997
1445329689
1445329689
1564029568
1445329689
0
92974174
943548795
200543771
-1404307918
1001198609
-1382188204
242422424
-1404307918
-928203834
-1404307918
2
859757611
1568966352
901026922
1
1337604340
1830223246
-1358425886
1132674011
-930410909
96345478
1568966352
241025201
-31579965
1445329689
1794435312
-222333808
494853104
0
-31579965
-537378871
1327112978
106093143
1445329689
1734428547
1495936358
1568966294
733906667
636606821
-1404307918
7559541
0
-911325097
-31579965
785708333
1445329689
0
1763751139
-1404307918
1150806452
1568966352
-7
94355672
1813947269
124529201
-140636089
-1404307918
0
-31579965
1445329689
1402983421
1776422472
1647501462
0
1568966352
-1794626357
1445329689
771684599
-1794626357
1568966352
-674365152
-1648384000
1689289695
636606821
