-555434752
1
1281706831
1446737270
1600462348
1882476628
1281706831
1
417615865
1397688206
1398898828
-387485048
1281706831
1674575109
1554428810
2033908082
1160241113
0
1281706831
1590964369
0
141338540
-1255619242
-642038284
700175818
925754110
0
1686527091
315327281
1231924736
1281706852
652509070
1160241113
1254176554
1231924736
-1967028413
1231924736
1
826714919
1160241113
1222876677
1891901952
-968043075
0
1281706831
812618611
-1236819415
1877236947
-567799360
434108072
1281706831
731486288
-316152052
1319986795
1281706831
1262406718
1281706831
1303913837
1576081437
1281706831
-1157369758
-561078184
1172784027
-1623886994
0
1490134286
214336000
1281706831
557694256
2082358397
1143173527
55309465
1
-1334248203
-1
690201188
1787345472
