966085517
-438091602
1695575988
1224257227
319727289
408235584
319727289
-1138092110
319727289
0
1647711920
1681922552
1387825301
1182309249
864473453
1690577915
479918601
1176534575
-632215140
1235654539
1824289125
0
1253327111
1551434827
-1985642895
1901337718
163609526
483315744
-1430348724
646538337
-1409484145
1849882791
909812716
1901337718
429780477
1828612948
2012784744
412829370
1936546478
-1
1901337718
1901337718
-2130537136
1695575988
275618738
293496044
-430085775
110053188
0
1946184604
1695575988
319727289
1695575988
514086904
383514644
972893585
2
1969426981
2013751042
529583608
1387825301
-1520323657
0
0
57026534
1695575988
1132669332
972893585
-2023298135
1514679788
328694209
2056633177
2033979032
0
477544470
689273916
809835662
1044682671
1387825301
1695575988
309966066
928444133
720088312
579210672
1066503043
0
1044682671
481968605
-5
106489242
132927074
0
