-885139537
1459824129
545954472
1936703387
0
0
1238603067
1403025150
2019287001
0
0
0
1044899432
468882118
2078173342
16111074
112656167
389995367
0
910904530
1434444878
2015191733
0
0
0
1076888358
2015191733
1092063161
112656167
214488102
221200409
594028834
906499866
1694798027
112656167
1108146565
0
376047149
1113275608
813205601
1989846289
299499057
6
57398783
0
218052021
1698427634
1834450556
1098656991
0
-822487776
378577367
-1938149607
1269244582
1698427634
2119847385
287117745
80322950
0
1933211818
350259960
826557212
670776461
516482456
1123777425
112656167
1732821578
1732821578
35613134
674609368
-1653113810
1540794209
1871821571
1698427634
720504584
