1942508584
1108985660
900856922
918149960
385060847
767812507
865315237
471277880
-3
1411663410
900856922
900856922
-1761572354
1706179589
1172877168
1872889933
490803957
1494005445
-296269276
395806058
213299558
505050864
649634831
1389414597
895305915
1
2077890147
435560625
213011257
-296269276
-296269276
932896077
698200942
1203251806
0
213440431
900856922
1502892457
-337262358
431211438
0
358522261
127918396
1894048534
900856922
1223093037
466646032
1852785312
1
213011257
941154644
-698200942
505050864
0
187345656
505050864
308120858
1024307303
0
984665006
387043628
1
-296269276
1579331455
2010353590
900856922
1813012459
-1
0
875048855
-486583337
361790590
900856922
510161537
1172877168
1484825731
505050864
1712923531
-296269276
1362298113
873625015
-296269276
900856922
-801320141
1580746416
1823745839
-545767563
183906779
505050864
