29264311
700319325
1299103237
549769372
1690400959
9247285
0
-1
736153946
-1402076334
1661107021
1402076334
1643492295
282771253
1079821200
2033934888
-1292285304
1403625335
1249506645
1820822094
1402076334
1623704680
2095778724
1549001
1403625335
1403625335
2072373200
1402076334
1402076334
1403625335
52
1402076334
1403625335
1549001
1403625335
1666122837
2057250620
1402076334
971068493
43054192
1403625335
0
549769372
0
1531693736
880589458
444045438
2
627989237
1402076334
1447896508
-1470026784
-822765163
1723658127
0
1060313378
-1470026784
1323281551
802200996
763851108
1
471149713
-1781341872
767842922
1659710225
-1185785668
0
549769372
98376104
549769372
3
-1656935381
2089053394
2020167217
25029193
784864808
1446136285
-362257772
1
1402076334
762185003
-1
-413289850
-1917266002
-1185785668
-1470026784
1086178740
-1547100662
967703069
1950970065
1403625335
1452224216
919548107
1670154898
1996596105
1349179886
