1946956680
-450374391
-1645985413
29221211
829869734
-450374391
1493308528
1633613699
10
2017240571
1634311265
214495133
1923457698
0
1420184181
876559469
1471356527
1823651634
2143176400
1935865652
438224277
536938489
820856466
455923267
1066276041
1698448708
1137528432
-212957447
0
788202062
-302159311
438224277
1307835894
-4
1071141397
1743580260
2036230402
2018502543
658506495
369072041
792845742
-982361082
1001775956
969450422
1260224431
-450374391
-450374391
1225349990
1921031102
-1207136338
1935865652
237416944
-2
1260224431
134511141
237416944
2022418473
-1718796631
-200887875
1636071879
2009489699
370245462
0
1691022947
1935865652
217867783
438224277
115218450
1935865652
-3364661
-1921234352
1935865652
-1462623020
1209727193
1
-450374391
964505035
1402924685
526280758
727377956
813244618
1
1497096233
175822785
999811178
-1763511058
-1100151828
153586474
-1539027126
-69565391
1136518701
1315594450
0
115218450
1912413282
-1321998336
73471710
-1306519338
1935865652
1357430439
-450374391
0
0
0
