1234041199
-332668630
-332668630
427145874
8
-1
1
1476407908
-1475316180
1862861741
1695720751
1742550867
733774819
622932819
-332668630
338451902
585819951
-2
71461243
-332668630
-998136872
1938020385
841595690
1007782193
733774819
1653741800
1705211618
733774819
0
733774819
0
2021301198
1041390420
1669197928
-332668630
1177387243
-2093028728
1669197928
1078270063
573056478
-20267996
1151311171
733774819
733774819
733774819
182100361
-5
2110770062
0
20152464
733774819
473001981
1430581150
733774819
744261121
220024853
1055017894
733774819
1046439129
197730914
2090945831
-332668630
-1803948848
1574242039
709717673
-474051912
1992487302
145071838
