60
1
50
2210
104
49
1
49
568
1985
14
49
19404
47
42
29
49
7
-1409
1
40
56
29
2
0
870
18
0
441
20
130
115
0
49
64
266
27
49
441
14
3920
115
14
38
49
48
115
115
66
115
15
38
0
66
115
15
24
66
57
115
49
38
49
25
0
29
51
-392
49
29
1856
91
2450
57
724
34
11
119
0
1
15
0
6
82
49
50
19
60
49
61
25
17
0
0
18
29
11
18
100
38
102
47
0
115
3
2793
66
24
56
88
22050
21
2
59
-16
5
49
0
12
15
220
56
21
15
74
3
115
0
15
31
24
0
81
47
57
21
38
456
0
8
0
35
20
69848912
7
396
49
100
-26
2
49
17
29
3091
1
85
45
115
28316
2
22
106
0
0
56
-21
-19
