-253148369
13
-13103930
-13103930
-13103930
1212186196
0
50
19
-13103930
14
29
23
17
60
-26207860
4
84
-13103930
-497949340
29
555860860
29
17
15
110
29
9
4
4056
-13103930
7
0
58
0
188950820
-37
-13103930
972519728
-13103930
-73
71
46
22
4
-13103930
29
-1212186152
17
-187810681
71
37
31
38
-13103984
-26
6
54
-1212186152
4056
20
0
1697598416
45
0
11
0
29
46
9
801
13
-13103930
-398785273
13
1212186152
55
52
86
188950820
16
29
4
-3
36
4056
-851755450
54
408
70
9
6
9
26
188950820
17
-3528
9
930
153
57
9
61
2
153
153
74937558
1394
62
-43292326
10
65
714492026
45
1212186065
34
29
53
2
23
0
73
-13103930
-9
225
101
27
-3902
45
-875049245
5201
68
1212186152
4
8
90
-3985
24
2122781336
4367
31
108
33
9
13
52
25
34
-12245938
1
9
-13103905
9
3159
9
-1212186152
14
2
33
-13103930
540
108
188
55
31
912822267
0
9
108
9
21
17
0
108
33
51
58
17
35
-2880
-17
-90
-13103896
1054372288
34
-13103896
34
25
94
0
13103976
41
